app/build/outputs/mapping/debug/seeds.txt
com.google.android.material.card.MaterialCardView: void setCardForegroundColor(android.content.res.ColorStateList)
org.jacoco.agent.rt.internal_3570298.asm.tree.MethodNode: void visitVarInsn(int,int)
org.jacoco.agent.rt.internal_3570298.core.internal.Pack200Streams$NoCloseInput: Pack200Streams$NoCloseInput(java.io.InputStream)
org.jacoco.agent.rt.internal_3570298.asm.tree.IincInsnNode: int getType()
androidx.navigation.NavBackStackEntry$SavedStateViewModel: NavBackStackEntry$SavedStateViewModel(androidx.lifecycle.SavedStateHandle)
androidx.appcompat.widget.AppCompatTextViewAutoSizeHelper$Impl29: void computeAndSetTextDirection(android.text.StaticLayout$Builder,android.widget.TextView)
androidx.compose.ui.viewinterop.ViewFactoryHolder: androidx.compose.ui.platform.AbstractComposeView getSubCompositionView()
androidx.core.widget.PopupWindowCompat$Api19Impl: void showAsDropDown(android.widget.PopupWindow,android.view.View,int,int,int)
org.jacoco.agent.rt.internal_3570298.asm.tree.MethodNode: void check(int)
org.jacoco.agent.rt.internal_3570298.asm.tree.FrameNode: void accept(org.jacoco.agent.rt.internal_3570298.asm.MethodVisitor)
com.google.android.material.button.MaterialButton: void setRippleColorResource(int)
kotlin.jvm.internal.PropertyReference1: PropertyReference1()
com.google.crypto.tink.proto.EcdsaPrivateKey$Builder: EcdsaPrivateKey$Builder()
org.jacoco.agent.rt.internal_3570298.core.internal.instr.SignatureRemover: SignatureRemover()
com.google.android.material.appbar.AppBarLayout$ScrollingViewBehavior: AppBarLayout$ScrollingViewBehavior(android.content.Context,android.util.AttributeSet)
org.jacoco.agent.rt.internal_3570298.asm.ByteVector: org.jacoco.agent.rt.internal_3570298.asm.ByteVector putLong(long)
com.google.crypto.tink.shaded.protobuf.UnsafeUtil: UnsafeUtil()
org.jacoco.agent.rt.internal_3570298.core.runtime.AgentOptions: void setOption(java.lang.String,boolean)
com.google.android.material.chip.Chip: void setEllipsize(android.text.TextUtils$TruncateAt)
androidx.core.widget.NestedScrollView: int getScrollRange()
org.jacoco.agent.rt.internal_3570298.core.data.ExecutionDataReader: void setExecutionDataVisitor(org.jacoco.agent.rt.internal_3570298.core.data.IExecutionDataVisitor)
androidx.activity.ComponentActivity: ComponentActivity()
androidx.core.view.WindowInsetsCompat$TypeImpl30: int toPlatformType(int)
com.google.android.material.floatingactionbutton.FloatingActionButton: void setVisibility(int)
org.jacoco.agent.rt.internal_3570298.Agent: org.jacoco.agent.rt.internal_3570298.Agent getInstance(org.jacoco.agent.rt.internal_3570298.core.runtime.AgentOptions)
androidx.appcompat.widget.DropDownListView: void setListSelectionHidden(boolean)
androidx.compose.ui.platform.AbstractComposeView: void setViewCompositionStrategy(androidx.compose.ui.platform.ViewCompositionStrategy)
androidx.core.graphics.drawable.DrawableCompat$Api19Impl: android.graphics.drawable.Drawable getChild(android.graphics.drawable.DrawableContainer$DrawableContainerState,int)
org.jacoco.agent.rt.internal_3570298.asm.SymbolTable: void putConstantPool(org.jacoco.agent.rt.internal_3570298.asm.ByteVector)
com.google.android.material.chip.Chip: android.content.res.ColorStateList getCloseIconTint()
androidx.collection.SimpleArrayMap: SimpleArrayMap()
org.jacoco.agent.rt.internal_3570298.core.internal.analysis.Instruction: void propagateExecutedBranch(org.jacoco.agent.rt.internal_3570298.core.internal.analysis.Instruction,int)
androidx.core.view.ViewCompat$Api26Impl: android.view.View keyboardNavigationClusterSearch(android.view.View,android.view.View,int)
kotlin.reflect.jvm.internal.impl.metadata.ProtoBuf$Expression$ConstantValue: kotlin.reflect.jvm.internal.impl.metadata.ProtoBuf$Expression$ConstantValue[] values()
org.jacoco.agent.rt.internal_3570298.core.internal.flow.MethodProbesVisitor: void accept(org.jacoco.agent.rt.internal_3570298.asm.tree.MethodNode,org.jacoco.agent.rt.internal_3570298.asm.MethodVisitor)