app/build/outputs/mapping/debug/usage.txt
br.com.vtvinicius.app.BuildConfig
br.com.vtvinicius.app.R$color
br.com.vtvinicius.app.R$dimen
br.com.vtvinicius.app.R$drawable
br.com.vtvinicius.app.R$mipmap
br.com.vtvinicius.app.R$string
br.com.vtvinicius.app.R$style
br.com.vtvinicius.app.R$xml
br.com.vtvinicius.app.R
...
io.reactivex.internal.operators.flowable.FlowableGroupBy
io.reactivex.internal.operators.flowable.FlowableGroupJoin$GroupJoinSubscription
io.reactivex.internal.operators.flowable.FlowableGroupJoin$JoinSupport
io.reactivex.internal.operators.flowable.FlowableGroupJoin$LeftRightEndSubscriber
io.reactivex.internal.operators.flowable.FlowableGroupJoin$LeftRightSubscriber
io.reactivex.internal.operators.flowable.FlowableGroupJoin
io.reactivex.internal.operators.flowable.FlowableHide$HideSubscriber
io.reactivex.internal.operators.flowable.FlowableHide
io.reactivex.internal.operators.flowable.FlowableIgnoreElements$IgnoreElementsSubscriber
io.reactivex.internal.operators.flowable.FlowableIgnoreElements
io.reactivex.internal.operators.flowable.FlowableIgnoreElementsCompletable$IgnoreElementsSubscriber
io.reactivex.internal.operators.flowable.FlowableIgnoreElementsCompletable
io.reactivex.internal.operators.flowable.FlowableInternalHelper$BufferedReplayCallable
io.reactivex.internal.operators.flowable.FlowableInternalHelper$BufferedTimedReplay
io.reactivex.internal.operators.flowable.FlowableInternalHelper$FlatMapIntoIterable
io.reactivex.internal.operators.flowable.FlowableInternalHelper$FlatMapWithCombinerInner
io.reactivex.internal.operators.flowable.FlowableInternalHelper$FlatMapWithCombinerOuter
io.reactivex.internal.operators.flowable.FlowableInternalHelper$ItemDelayFunction
io.reactivex.internal.operators.flowable.FlowableInternalHelper$ReplayCallable
io.reactivex.internal.operators.flowable.FlowableInternalHelper$ReplayFunction
io.reactivex.internal.operators.flowable.FlowableInternalHelper$RequestMax
io.reactivex.internal.operators.flowable.FlowableInternalHelper$SimpleBiGenerator
io.reactivex.internal.operators.flowable.FlowableInternalHelper$SimpleGenerator
io.reactivex.internal.operators.flowable.FlowableInternalHelper$SubscriberOnComplete
io.reactivex.internal.operators.flowable.FlowableInternalHelper$SubscriberOnError
io.reactivex.internal.operators.flowable.FlowableInternalHelper$SubscriberOnNext
io.reactivex.internal.operators.flowable.FlowableInternalHelper$TimedReplay
io.reactivex.internal.operators.flowable.FlowableInternalHelper$ZipIterableFunction
io.reactivex.internal.operators.flowable.FlowableInternalHelper
io.reactivex.internal.operators.flowable.FlowableInterval$IntervalSubscriber
io.reactivex.internal.operators.flowable.FlowableInterval
io.reactivex.internal.operators.flowable.FlowableIntervalRange$IntervalRangeSubscriber
io.reactivex.internal.operators.flowable.FlowableIntervalRange
io.reactivex.internal.operators.flowable.FlowableJoin$JoinSubscription
io.reactivex.internal.operators.flowable.FlowableJoin
io.reactivex.internal.operators.flowable.FlowableJust
io.reactivex.internal.operators.flowable.FlowableLastMaybe$LastSubscriber
io.reactivex.internal.operators.flowable.FlowableLastMaybe
io.reactivex.internal.operators.flowable.FlowableLastSingle$LastSubscriber
io.reactivex.internal.operators.flowable.FlowableLastSingle
io.reactivex.internal.operators.flowable.FlowableLift
io.reactivex.internal.operators.flowable.FlowableLimit$LimitSubscriber
io.reactivex.internal.operators.flowable.FlowableLimit
io.reactivex.internal.operators.flowable.FlowableMap$MapConditionalSubscriber
io.reactivex.internal.operators.flowable.FlowableMap$MapSubscriber
io.reactivex.internal.operators.flowable.FlowableMap
io.reactivex.internal.operators.flowable.FlowableMapNotification$MapNotificationSubscriber
io.reactivex.internal.operators.flowable.FlowableMapNotification
io.reactivex.internal.operators.flowable.FlowableMapPublisher
io.reactivex.internal.operators.flowable.FlowableMaterialize$MaterializeSubscriber
io.reactivex.internal.operators.flowable.FlowableMaterialize
io.reactivex.internal.operators.flowable.FlowableMergeWithCompletable$MergeWithSubscriber$OtherObserver
io.reactivex.internal.operators.flowable.FlowableMergeWithCompletable$MergeWithSubscriber
io.reactivex.internal.operators.flowable.FlowableMergeWithCompletable